<?xml version="1.0" encoding="UTF-8"?>
<!-- Generated by org.testng.reporters.JUnitXMLReporter -->
<testsuite hostname="Shivansh-PC" ignored="0" name="Test" tests="2" failures="0" timestamp="06 May 2023 16:40:01 GMT" time="27.448" errors="0">
  <testcase name="verifyCheckboxesAndRadioButtonBehaviours" time="0.492" classname="testcase.VerifyCheckboxesAndRadioButtonBydefaultBehavoure"/>
  <testcase name="verifyOmayoHomePage" time="1.202" classname="testcase.VerifyOmayoBlogHomePage"/>
</testsuite> <!-- Test -->
