<?xml version="1.0" encoding="UTF-8"?>
<testng-results skipped="0" failed="0" ignored="0" total="1" passed="1">
  <reporter-output>
  </reporter-output>
  <suite name="Default suite" duration-ms="58500" started-at="2023-05-08T14:57:25Z" finished-at="2023-05-08T14:58:24Z">
    <groups>
      <group name="e2e">
        <method signature="VerifyOmayoBlogHomePage.verifyOmayoHomePage()[pri:1, instance:testcase.VerifyOmayoBlogHomePage@153f17c]" name="verifyOmayoHomePage" class="testcase.VerifyOmayoBlogHomePage"/>
      </group> <!-- e2e -->
    </groups>
    <test name="Default test" duration-ms="58500" started-at="2023-05-08T14:57:25Z" finished-at="2023-05-08T14:58:24Z">
      <class name="testcase.VerifyOmayoBlogHomePage">
        <test-method status="PASS" signature="setup()[pri:0, instance:testcase.VerifyOmayoBlogHomePage@153f17c]" name="setup" is-config="true" duration-ms="53593" started-at="2023-05-08T07:57:26Z" finished-at="2023-05-08T07:58:19Z">
          <reporter-output>
          </reporter-output>
        </test-method> <!-- setup -->
        <test-method status="PASS" signature="verifyOmayoHomePage()[pri:1, instance:testcase.VerifyOmayoBlogHomePage@153f17c]" name="verifyOmayoHomePage" duration-ms="2144" started-at="2023-05-08T07:58:19Z" finished-at="2023-05-08T07:58:21Z">
          <reporter-output>
          </reporter-output>
        </test-method> <!-- verifyOmayoHomePage -->
        <test-method status="PASS" signature="tearDown(org.testng.ITestResult)[pri:0, instance:testcase.VerifyOmayoBlogHomePage@153f17c]" name="tearDown" is-config="true" duration-ms="2589" started-at="2023-05-08T07:58:21Z" finished-at="2023-05-08T07:58:24Z">
          <params>
            <param index="0">
              <value>
                <![CDATA[[TestResult name=verifyOmayoHomePage status=SUCCESS method=VerifyOmayoBlogHomePage.verifyOmayoHomePage()[pri:1, instance:testcase.VerifyOmayoBlogHomePage@153f17c] output={null}]]]>
              </value>
            </param>
          </params>
          <reporter-output>
          </reporter-output>
        </test-method> <!-- tearDown -->
      </class> <!-- testcase.VerifyOmayoBlogHomePage -->
    </test> <!-- Default test -->
  </suite> <!-- Default suite -->
</testng-results>
